app/mapping.txt
com.bumptech.glide.load.data.FileDescriptorAssetPathFetcher -> com.bumptech.glide.load.data.d:
    13:14:void <init>(android.content.res.AssetManager,java.lang.String) -> <init>
    11:11:void close(java.lang.Object) -> a
    1023:1024:void close(android.os.ParcelFileDescriptor):23:24 -> a
    1023:1024:void close(java.lang.Object):11 -> a
    11:11:java.lang.Object loadResource(android.content.res.AssetManager,java.lang.String) -> a
    2018:2018:android.os.ParcelFileDescriptor loadResource(android.content.res.AssetManager,java.lang.String):18:18 -> a
    2018:2018:java.lang.Object loadResource(android.content.res.AssetManager,java.lang.String):11 -> a
com.bumptech.glide.load.data.FileDescriptorLocalUriFetcher -> com.bumptech.glide.load.data.e:
    16:17:void <init>(android.content.Context,android.net.Uri) -> <init>
    14:14:void close(java.lang.Object) -> a
    1026:1027:void close(android.os.ParcelFileDescriptor):26:27 -> a
    1026:1027:void close(java.lang.Object):14 -> a
    14:14:java.lang.Object loadResource(android.net.Uri,android.content.ContentResolver) -> a
    2021:2021:android.os.ParcelFileDescriptor loadResource(android.net.Uri,android.content.ContentResolver):21:21 -> a
    2021:2021:java.lang.Object loadResource(android.net.Uri,android.content.ContentResolver):14 -> a
com.bumptech.glide.load.data.HttpUrlFetcher -> com.bumptech.glide.load.data.f:
    com.bumptech.glide.load.data.HttpUrlFetcher$HttpUrlConnectionFactory DEFAULT_CONNECTION_FACTORY -> a
    com.bumptech.glide.load.model.GlideUrl glideUrl -> b
    com.bumptech.glide.load.data.HttpUrlFetcher$HttpUrlConnectionFactory connectionFactory -> c
    java.net.HttpURLConnection urlConnection -> d
    java.io.InputStream stream -> e
    boolean isCancelled -> f
    33:34:void <init>(com.bumptech.glide.load.model.GlideUrl) -> <init>
    37:40:void <init>(com.bumptech.glide.load.model.GlideUrl,com.bumptech.glide.load.data.HttpUrlFetcher$HttpUrlConnectionFactory) -> <init>
    49:90:java.io.InputStream loadDataWithRedirects(java.net.URL,int,java.net.URL,java.util.Map) -> a
    1096:1105:java.io.InputStream getStreamForSuccessfulRequest(java.net.HttpURLConnection):96:105 -> a
    1096:1105:java.io.InputStream loadDataWithRedirects(java.net.URL,int,java.net.URL,java.util.Map):78 -> a
    110:120:void cleanup() -> a
    124:124:java.lang.String getId() -> b
    131:132:void cancel() -> c
    20:20:java.lang.Object loadData$749cadb7(int) -> a
    2044:2044:java.io.InputStream loadData$50d948c$5a3261cf():44:44 -> a
    2044:2044:java.lang.Object loadData$749cadb7(int):20 -> a
    23:23:void <clinit>() -> <clinit>
com.bumptech.glide.load.data.HttpUrlFetcher$DefaultHttpUrlConnectionFactory -> com.bumptech.glide.load.data.g:
    138:138:void <init>() -> <init>
    141:141:java.net.HttpURLConnection build(java.net.URL) -> a
    138:138:void <init>(byte) -> <init>
com.bumptech.glide.load.data.HttpUrlFetcher$HttpUrlConnectionFactory -> com.bumptech.glide.load.data.h:
    java.net.HttpURLConnection build(java.net.URL) -> a
com.bumptech.glide.load.data.LocalUriFetcher -> com.bumptech.glide.load.data.i:
    android.net.Uri uri -> a
    android.content.Context context -> b
    java.lang.Object data -> c
    36:39:void <init>(android.content.Context,android.net.Uri) -> <init>
    43:45:java.lang.Object loadData$749cadb7(int) -> a
    50:60:void cleanup() -> a
    65:65:void cancel() -> c
    69:69:java.lang.String getId() -> b
    java.lang.Object loadResource(android.net.Uri,android.content.ContentResolver) -> a
    void close(java.lang.Object) -> a